In file included from main.cc:70:0:
utilities.cc: In function ‘void getfem::build_boundary_terms(MAT&, const getfem::mesh_fem&, const getfem::mesh_fem&, const getfem::mesh_im&, const VEC&, VEC&, bgeot::scalar_type, const std::vector<getfem::BCData>&)’:
utilities.cc:337:2: warning: ‘void dal::DAL_THROW()’ is deprecated (declared at /home/labuser/Documents/Laura/getfem-4.2/src/getfem/dal_config.h:70) [-Wdeprecated-declarations]
utilities.cc: In function ‘void getfem::integrate_boundary_quantities(const getfem::mesh_fem&, const getfem::mesh_fem&, const getfem::mesh_im&, const VEC&, const VEC&, const std::vector<getfem::BCData>&)’:
utilities.cc:446:16: warning: declaration of ‘i’ shadows a previous local [-Wshadow]
utilities.cc:393:20: warning: shadowed declaration is here [-Wshadow]
utilities.cc:472:2: warning: ‘void dal::DAL_THROW()’ is deprecated (declared at /home/labuser/Documents/Laura/getfem-4.2/src/getfem/dal_config.h:70) [-Wdeprecated-declarations]
In file included from main.cc:71:0:
import_gmshv2.cc: In function ‘void getfem::import_mshv2_file(std::string, getfem::mesh&)’:
import_gmshv2.cc:16:7: warning: ‘void dal::DAL_THROW()’ is deprecated (declared at /home/labuser/Documents/Laura/getfem-4.2/src/getfem/dal_config.h:70) [-Wdeprecated-declarations]
import_gmshv2.cc:16:7: warning: ‘void dal::DAL_THROW()’ is deprecated (declared at /home/labuser/Documents/Laura/getfem-4.2/src/getfem/dal_config.h:70) [-Wdeprecated-declarations]
import_gmshv2.cc:50:7: warning: ‘void dal::DAL_THROW()’ is deprecated (declared at /home/labuser/Documents/Laura/getfem-4.2/src/getfem/dal_config.h:70) [-Wdeprecated-declarations]
import_gmshv2.cc:50:7: warning: ‘void dal::DAL_THROW()’ is deprecated (declared at /home/labuser/Documents/Laura/getfem-4.2/src/getfem/dal_config.h:70) [-Wdeprecated-declarations]
import_gmshv2.cc:58:4: warning: ‘void dal::DAL_THROW()’ is deprecated (declared at /home/labuser/Documents/Laura/getfem-4.2/src/getfem/dal_config.h:70) [-Wdeprecated-declarations]
import_gmshv2.cc:58:4: warning: ‘void dal::DAL_THROW()’ is deprecated (declared at /home/labuser/Documents/Laura/getfem-4.2/src/getfem/dal_config.h:70) [-Wdeprecated-declarations]
import_gmshv2.cc:18:10: warning: unused variable ‘tmp’ [-Wunused-variable]
In file included from main.cc:72:0:
import_network.cc: In function ‘void getfem::import_pts_file(std::istream&, getfem::mesh&, const string&, std::vector<getfem::BCData>&)’:
import_network.cc:61:5: warning: ‘void dal::DAL_THROW()’ is deprecated (declared at /home/labuser/Documents/Laura/getfem-4.2/src/getfem/dal_config.h:70) [-Wdeprecated-declarations]
import_network.cc:61:5: warning: ‘void dal::DAL_THROW()’ is deprecated (declared at /home/labuser/Documents/Laura/getfem-4.2/src/getfem/dal_config.h:70) [-Wdeprecated-declarations]
import_network.cc:83:2: warning: ‘void dal::DAL_THROW()’ is deprecated (declared at /home/labuser/Documents/Laura/getfem-4.2/src/getfem/dal_config.h:70) [-Wdeprecated-declarations]
import_network.cc:83:2: warning: ‘void dal::DAL_THROW()’ is deprecated (declared at /home/labuser/Documents/Laura/getfem-4.2/src/getfem/dal_config.h:70) [-Wdeprecated-declarations]
import_network.cc:101:6: warning: ‘void dal::DAL_THROW()’ is deprecated (declared at /home/labuser/Documents/Laura/getfem-4.2/src/getfem/dal_config.h:70) [-Wdeprecated-declarations]
import_network.cc:101:6: warning: ‘void dal::DAL_THROW()’ is deprecated (declared at /home/labuser/Documents/Laura/getfem-4.2/src/getfem/dal_config.h:70) [-Wdeprecated-declarations]
import_network.cc:130:6: warning: ‘void dal::DAL_THROW()’ is deprecated (declared at /home/labuser/Documents/Laura/getfem-4.2/src/getfem/dal_config.h:70) [-Wdeprecated-declarations]
import_network.cc:130:6: warning: ‘void dal::DAL_THROW()’ is deprecated (declared at /home/labuser/Documents/Laura/getfem-4.2/src/getfem/dal_config.h:70) [-Wdeprecated-declarations]
import_network.cc:142:6: warning: ‘void dal::DAL_THROW()’ is deprecated (declared at /home/labuser/Documents/Laura/getfem-4.2/src/getfem/dal_config.h:70) [-Wdeprecated-declarations]
import_network.cc:142:6: warning: ‘void dal::DAL_THROW()’ is deprecated (declared at /home/labuser/Documents/Laura/getfem-4.2/src/getfem/dal_config.h:70) [-Wdeprecated-declarations]
import_network.cc:145:4: warning: ‘void dal::DAL_THROW()’ is deprecated (declared at /home/labuser/Documents/Laura/getfem-4.2/src/getfem/dal_config.h:70) [-Wdeprecated-declarations]
import_network.cc:145:4: warning: ‘void dal::DAL_THROW()’ is deprecated (declared at /home/labuser/Documents/Laura/getfem-4.2/src/getfem/dal_config.h:70) [-Wdeprecated-declarations]
import_network.cc:148:2: warning: ‘void dal::DAL_THROW()’ is deprecated (declared at /home/labuser/Documents/Laura/getfem-4.2/src/getfem/dal_config.h:70) [-Wdeprecated-declarations]
import_network.cc:148:2: warning: ‘void dal::DAL_THROW()’ is deprecated (declared at /home/labuser/Documents/Laura/getfem-4.2/src/getfem/dal_config.h:70) [-Wdeprecated-declarations]
import_network.cc:157:4: warning: ‘void dal::DAL_THROW()’ is deprecated (declared at /home/labuser/Documents/Laura/getfem-4.2/src/getfem/dal_config.h:70) [-Wdeprecated-declarations]
import_network.cc:157:4: warning: ‘void dal::DAL_THROW()’ is deprecated (declared at /home/labuser/Documents/Laura/getfem-4.2/src/getfem/dal_config.h:70) [-Wdeprecated-declarations]
import_network.cc: In function ‘void getfem::extrema_of_oneDmesh(const getfem::mesh&, const dal::bit_vector&, getfem::convex_face_ct&)’:
import_network.cc:209:37: warning: conversion to ‘bgeot::short_type {aka short unsigned int}’ from ‘bgeot::size_type {aka long unsigned int}’ may alter its value [-Wconversion]
import_network.cc:209:41: warning: comparison between signed and unsigned integer expressions [-Wsign-compare]
main.cc: At global scope:
main.cc:287:15: warning: unused parameter ‘x’ [-Wunused-parameter]
main.cc:294:15: warning: unused parameter ‘x’ [-Wunused-parameter]
main.cc:301:15: warning: unused parameter ‘x’ [-Wunused-parameter]
main.cc:312:15: warning: unused parameter ‘x’ [-Wunused-parameter]
main.cc:319:15: warning: unused parameter ‘x’ [-Wunused-parameter]
main.cc:326:15: warning: unused parameter ‘x’ [-Wunused-parameter]
main.cc: In member function ‘void myProblem::Computew()’:
main.cc:355:48: warning: conversion to ‘int’ from ‘bgeot::scalar_type {aka double}’ may alter its value [-Wconversion]
main.cc: In member function ‘void myProblem::init()’:
main.cc:468:33: warning: format ‘%d’ expects argument of type ‘int’, but argument 3 has type ‘bgeot::size_type {aka long unsigned int}’ [-Wformat]
main.cc:471:34: warning: format ‘%d’ expects argument of type ‘int’, but argument 3 has type ‘bgeot::size_type {aka long unsigned int}’ [-Wformat]
main.cc:474:39: warning: format ‘%d’ expects argument of type ‘int’, but argument 3 has type ‘bgeot::size_type {aka long unsigned int}’ [-Wformat]
main.cc:480:35: warning: format ‘%d’ expects argument of type ‘int’, but argument 3 has type ‘bgeot::size_type {aka long unsigned int}’ [-Wformat]
main.cc:486:35: warning: format ‘%d’ expects argument of type ‘int’, but argument 3 has type ‘bgeot::size_type {aka long unsigned int}’ [-Wformat]
main.cc:490:39: warning: format ‘%d’ expects argument of type ‘int’, but argument 3 has type ‘bgeot::size_type {aka long unsigned int}’ [-Wformat]
main.cc:494:7: warning: ‘void dal::DAL_THROW()’ is deprecated (declared at /home/labuser/Documents/Laura/getfem-4.2/src/getfem/dal_config.h:70) [-Wdeprecated-declarations]
main.cc:494:7: warning: ‘void dal::DAL_THROW()’ is deprecated (declared at /home/labuser/Documents/Laura/getfem-4.2/src/getfem/dal_config.h:70) [-Wdeprecated-declarations]
main.cc:509:5: warning: ‘void dal::DAL_THROW()’ is deprecated (declared at /home/labuser/Documents/Laura/getfem-4.2/src/getfem/dal_config.h:70) [-Wdeprecated-declarations]
main.cc:509:5: warning: ‘void dal::DAL_THROW()’ is deprecated (declared at /home/labuser/Documents/Laura/getfem-4.2/src/getfem/dal_config.h:70) [-Wdeprecated-declarations]
main.cc: In member function ‘void myProblem::assemblyFluid()’:
main.cc:722:46: warning: ‘bgeot::base_node getfem::mesh_fem::point_of_dof(bgeot::size_type) const’ is deprecated (declared at /home/labuser/Documents/Laura/getfem-4.2/src/getfem/getfem_mesh_fem.h:460) [-Wdeprecated-declarations]
main.cc:723:46: warning: ‘bgeot::base_node getfem::mesh_fem::point_of_dof(bgeot::size_type) const’ is deprecated (declared at /home/labuser/Documents/Laura/getfem-4.2/src/getfem/getfem_mesh_fem.h:460) [-Wdeprecated-declarations]
main.cc:724:46: warning: ‘bgeot::base_node getfem::mesh_fem::point_of_dof(bgeot::size_type) const’ is deprecated (declared at /home/labuser/Documents/Laura/getfem-4.2/src/getfem/getfem_mesh_fem.h:460) [-Wdeprecated-declarations]
main.cc:730:46: warning: ‘bgeot::base_node getfem::mesh_fem::point_of_dof(bgeot::size_type) const’ is deprecated (declared at /home/labuser/Documents/Laura/getfem-4.2/src/getfem/getfem_mesh_fem.h:460) [-Wdeprecated-declarations]
main.cc:731:46: warning: ‘bgeot::base_node getfem::mesh_fem::point_of_dof(bgeot::size_type) const’ is deprecated (declared at /home/labuser/Documents/Laura/getfem-4.2/src/getfem/getfem_mesh_fem.h:460) [-Wdeprecated-declarations]
main.cc:732:46: warning: ‘bgeot::base_node getfem::mesh_fem::point_of_dof(bgeot::size_type) const’ is deprecated (declared at /home/labuser/Documents/Laura/getfem-4.2/src/getfem/getfem_mesh_fem.h:460) [-Wdeprecated-declarations]
main.cc: In member function ‘bool myProblem::time_advanceFluid(const scalar_type&, const scalar_type&)’:
main.cc:870:13: warning: unused variable ‘nb_dof_coeft’ [-Wunused-variable]
main.cc:1026:1: warning: no return statement in function returning non-void [-Wreturn-type]
main.cc: At global scope:
main.cc:863:6: warning: unused parameter ‘dt’ [-Wunused-parameter]
main.cc: In member function ‘bool myProblem::time_advanceFluidMONO()’:
main.cc:1038:13: warning: unused variable ‘nb_dof_coeft’ [-Wunused-variable]
main.cc:1138:1: warning: no return statement in function returning non-void [-Wreturn-type]
main.cc: In function ‘int main(int, char**)’:
main.cc:1162:17: warning: unused variable ‘time’ [-Wunused-variable]
main.cc:1163:17: warning: unused variable ‘dt’ [-Wunused-variable]
main.cc:1164:15: warning: unused variable ‘timeStep’ [-Wunused-variable]
In file included from main.cc:70:0:
utilities.cc: In function ‘void getfem::build_exchange_matrices(MAT&, MAT&, MAT&, const getfem::mesh_fem&, const getfem::mesh_fem&, const getfem::mesh_fem&, const getfem::mesh_fem&, const getfem::mesh_im&, bgeot::scalar_type, bgeot::size_type) [with MAT = gmm::row_matrix<gmm::rsvector<double> >, bgeot::scalar_type = double, bgeot::size_type = long unsigned int]’:
main.cc:633:108:   instantiated from here
utilities.cc:92:55: warning: ‘bgeot::size_type getfem::mesh_fem::first_convex_of_dof(bgeot::size_type) const’ is deprecated (declared at /home/labuser/Documents/Laura/getfem-4.2/src/getfem/getfem_mesh_fem.h:470) [-Wdeprecated-declarations]
main.cc:633:108:   instantiated from here
utilities.cc:105:2: warning: conversion to ‘double’ from ‘bgeot::size_type {aka long unsigned int}’ may alter its value [-Wconversion]
utilities.cc:105:2: warning: conversion to ‘double’ from ‘long unsigned int’ may alter its value [-Wconversion]
utilities.cc:105:2: warning: conversion to ‘double’ from ‘bgeot::size_type {aka long unsigned int}’ may alter its value [-Wconversion]
utilities.cc:105:2: warning: conversion to ‘double’ from ‘long unsigned int’ may alter its value [-Wconversion]
utilities.cc:105:2: warning: ‘bgeot::base_node getfem::mesh_fem::point_of_dof(bgeot::size_type) const’ is deprecated (declared at /home/labuser/Documents/Laura/getfem-4.2/src/getfem/getfem_mesh_fem.h:460) [-Wdeprecated-declarations]
main.cc:633:108:   instantiated from here
utilities.cc:61:15: warning: unused variable ‘nb_dof_coeft’ [-Wunused-variable]
utilities.cc: In function ‘void getfem::build_boundary_terms(MAT&, const getfem::mesh_fem&, const getfem::mesh_fem&, const getfem::mesh_im&, const VEC&, VEC&, bgeot::scalar_type, const std::vector<getfem::BCData>&) [with MAT = gmm::row_matrix<gmm::rsvector<double> >, VEC = std::vector<double>, bgeot::scalar_type = double]’:
main.cc:788:18:   instantiated from here
utilities.cc:276:7: warning: ‘bgeot::size_type getfem::mesh_fem::first_convex_of_dof(bgeot::size_type) const’ is deprecated (declared at /home/labuser/Documents/Laura/getfem-4.2/src/getfem/getfem_mesh_fem.h:470) [-Wdeprecated-declarations]
In file included from main.cc:70:0:
main.cc:788:18:   instantiated from here
utilities.cc:337:2: warning: ‘void dal::DAL_THROW()’ is deprecated (declared at /home/labuser/Documents/Laura/getfem-4.2/src/getfem/dal_config.h:70) [-Wdeprecated-declarations]
In file included from main.cc:70:0:
utilities.cc: In function ‘void getfem::coefficient_exchange_matrices(MAT&, MAT&, MAT&, MAT&, MAT&, MAT&, MAT&, const getfem::mesh_fem&, const getfem::mesh_fem&, const getfem::mesh_fem&, const getfem::mesh_fem&, const getfem::mesh_im&, const getfem::mesh_im&, std::vector<double>&, std::vector<double>&, bgeot::scalar_type, bgeot::scalar_type, bgeot::scalar_type, bgeot::scalar_type, bgeot::scalar_type, bgeot::scalar_type, bgeot::scalar_type, bgeot::size_type) [with MAT = gmm::row_matrix<gmm::rsvector<double> >, bgeot::scalar_type = double, bgeot::size_type = long unsigned int]’:
main.cc:845:19:   instantiated from here
utilities.cc:170:15: warning: unused variable ‘nb_dof_coeft’ [-Wunused-variable]
utilities.cc: At global scope:
utilities.cc:147:8: warning: unused parameter ‘mimt’ [-Wunused-parameter]
utilities.cc:147:8: warning: unused parameter ‘RADIUS’ [-Wunused-parameter]
utilities.cc:147:8: warning: unused parameter ‘NInt’ [-Wunused-parameter]
In file included from main.cc:70:0:
utilities.cc: In function ‘void getfem::integrate_boundary_quantities(const getfem::mesh_fem&, const getfem::mesh_fem&, const getfem::mesh_im&, const VEC&, const VEC&, const std::vector<getfem::BCData>&) [with VEC = std::vector<double>]’:
main.cc:1008:75:   instantiated from here
utilities.cc:446:18: warning: declaration of ‘i’ shadows a previous local [-Wshadow]
utilities.cc:393:20: warning: shadowed declaration is here [-Wshadow]
utilities.cc:472:2: warning: ‘void dal::DAL_THROW()’ is deprecated (declared at /home/labuser/Documents/Laura/getfem-4.2/src/getfem/dal_config.h:70) [-Wdeprecated-declarations]
